#
# A fatal error has been detected by the Java Runtime Environment:
#
#  EXCEPTION_ACCESS_VIOLATION (0xc0000005) at pc=0x0000000072051698, pid=14372, tid=0x00000000000015b4
#
# JRE version: Java(TM) SE Runtime Environment (8.0_101-b13) (build 1.8.0_101-b13)
# Java VM: Java HotSpot(TM) 64-Bit Server VM (25.101-b13 mixed mode windows-amd64 compressed oops)
# Problematic frame:
# C  [jfxwebkit.dll+0x791698]
#
# Failed to write core dump. Minidumps are not enabled by default on client versions of Windows
#
# If you would like to submit a bug report, please visit:
#   http://bugreport.java.com/bugreport/crash.jsp
# The crash happened outside the Java Virtual Machine in native code.
# See problematic frame for where to report the bug.
#

---------------  T H R E A D  ---------------

Current thread (0x00000000166b1800):  JavaThread "JavaFX Application Thread" [_thread_in_native, id=5556, stack(0x0000000016a20000,0x0000000016b20000)]

siginfo: ExceptionCode=0xc0000005, reading address 0x0000000000000068

Registers:
RAX=0x0000000000000000, RBX=0x000000002604ad50, RCX=0x0000000072051689, RDX=0x0000000016b1dc50
RSP=0x0000000016b1da90, RBP=0x0000000000000001, RSI=0x0000000000000000, RDI=0x0000000016b1dc50
R8 =0x0000000000000000, R9 =0x0000000026b39c18, R10=0x0000000000000000, R11=0x0000000072a3c292
R12=0x0000000016b1dd80, R13=0x0000000019312db8, R14=0x0000000026b39c18, R15=0x00000000718c0000
RIP=0x0000000072051698, EFLAGS=0x0000000000010246

Top of Stack: (sp=0x0000000016b1da90)
0x0000000016b1da90:   0000000016b1dc50 0000000016b1dcd0
0x0000000016b1daa0:   0000000016b1dd80 000000007215f1b8
0x0000000016b1dab0:   fffffffffffffffe 0000000072a3c280
0x0000000016b1dac0:   0000000023177eb0 0000000026b398e0
0x0000000016b1dad0:   000000002604ad50 000000007208230b
0x0000000016b1dae0:   0000000026b398e0 0000000026b398e0
0x0000000016b1daf0:   0000000016b1dc50 0000000000000001
0x0000000016b1db00:   0000000000000000 00000000263514f0
0x0000000016b1db10:   fffffffffffffffe 0000000023177eb0
0x0000000016b1db20:   0000000526b398e3 0000000800000008
0x0000000016b1db30:   0000002300000008 0000004b00000023
0x0000000016b1db40:   000001420000004b 0000000000000142
0x0000000016b1db50:   00000000166b1800 0000000016b1dd78
0x0000000016b1db60:   0000000000000000 0000000016b1dd80
0x0000000016b1db70:   0000000016b1dc50 000000007207d6d1
0x0000000016b1db80:   0000000026b398e0 0000000026b398e0 

Instructions: (pc=0x0000000072051698)
0x0000000072051678:   8b d7 48 8b 48 68 e8 dd d1 04 00 84 c0 75 40 eb
0x0000000072051688:   50 40 84 f6 75 39 48 8b 43 38 45 33 c0 48 8b d7
0x0000000072051698:   48 8b 48 68 e8 bf c3 04 00 84 c0 75 22 eb 32 40
0x00000000720516a8:   84 f6 75 1b 48 8b 43 38 45 33 c0 48 8b d7 48 8b 


Register to memory mapping:

RAX=0x0000000000000000 is an unknown value
RBX=0x000000002604ad50 is an unknown value
RCX=0x0000000072051689 is an unknown value
RDX=0x0000000016b1dc50 is pointing into the stack for thread: 0x00000000166b1800
RSP=0x0000000016b1da90 is pointing into the stack for thread: 0x00000000166b1800
RBP=0x0000000000000001 is an unknown value
RSI=0x0000000000000000 is an unknown value
RDI=0x0000000016b1dc50 is pointing into the stack for thread: 0x00000000166b1800
R8 =0x0000000000000000 is an unknown value
R9 =0x0000000026b39c18 is an unknown value
R10=0x0000000000000000 is an unknown value
R11=0x0000000072a3c292 is an unknown value
R12=0x0000000016b1dd80 is pointing into the stack for thread: 0x00000000166b1800
R13={method} {0x0000000019312dc0} 'twkWillSendRequest' '(Ljava/lang/String;Ljava/lang/String;ILjava/lang/String;Ljava/lang/String;JLjava/lang/String;Ljava/lang/String;J)Z' in 'com/sun/webkit/network/URLLoader'
R14=0x0000000026b39c18 is an unknown value
R15=0x00000000718c0000 is an unknown value


Stack: [0x0000000016a20000,0x0000000016b20000],  sp=0x0000000016b1da90,  free space=1014k
Native frames: (J=compiled Java code, j=interpreted, Vv=VM code, C=native code)
C  [jfxwebkit.dll+0x791698]
C  [jfxwebkit.dll+0x7c230b]
C  [jfxwebkit.dll+0x7bd6d1]
C  [jfxwebkit.dll+0x8a4587]
C  [jfxwebkit.dll+0x8a4acb]
C  0x0000000002ad59b4

Java frames: (J=compiled Java code, j=interpreted, Vv=VM code)
j  com.sun.webkit.network.URLLoader.twkWillSendRequest(Ljava/lang/String;Ljava/lang/String;ILjava/lang/String;Ljava/lang/String;JLjava/lang/String;Ljava/lang/String;J)Z+0
j  com.sun.webkit.network.URLLoader.notifyWillSendRequest(Ljava/lang/String;Ljava/lang/String;ILjava/lang/String;Ljava/lang/String;JLjava/lang/String;Ljava/lang/String;)Z+107
j  com.sun.webkit.network.URLLoader.lambda$willSendRequest$95(Ljava/lang/String;Ljava/lang/String;ILjava/lang/String;Ljava/lang/String;JLjava/lang/String;Ljava/lang/String;Ljava/util/concurrent/CountDownLatch;)V+21
j  com.sun.webkit.network.URLLoader$$Lambda$272.run()V+40
J 2914 C1 com.sun.javafx.application.PlatformImpl$$Lambda$50.run()Ljava/lang/Object; (8 bytes) @ 0x0000000002d990cc [0x0000000002d98f80+0x14c]
v  ~StubRoutines::call_stub
J 1504  java.security.AccessController.doPrivileged(Ljava/security/PrivilegedAction;Ljava/security/AccessControlContext;)Ljava/lang/Object; (0 bytes) @ 0x0000000002fd59e6 [0x0000000002fd5980+0x66]
J 2920 C1 com.sun.javafx.application.PlatformImpl.lambda$runLater$174(Ljava/lang/Runnable;Ljava/security/AccessControlContext;)V (38 bytes) @ 0x00000000032dee4c [0x00000000032deae0+0x36c]
J 2753 C1 com.sun.javafx.application.PlatformImpl$$Lambda$48.run()V (12 bytes) @ 0x0000000002bff284 [0x0000000002bff200+0x84]
J 2376 C1 com.sun.glass.ui.InvokeLaterDispatcher$Future.run()V (91 bytes) @ 0x00000000031ff28c [0x00000000031ff180+0x10c]
v  ~StubRoutines::call_stub
j  com.sun.glass.ui.win.WinApplication._runLoop(Ljava/lang/Runnable;)V+0
j  com.sun.glass.ui.win.WinApplication.lambda$null$148(ILjava/lang/Runnable;)V+8
j  com.sun.glass.ui.win.WinApplication$$Lambda$38.run()V+12
j  java.lang.Thread.run()V+11
v  ~StubRoutines::call_stub

---------------  P R O C E S S  ---------------

Java Threads: ( => current thread )
  0x000000002238c000 JavaThread "Thread-284" daemon [_thread_blocked, id=11424, stack(0x0000000041880000,0x0000000041980000)]
  0x000000002238e800 JavaThread "Thread-283" daemon [_thread_blocked, id=15420, stack(0x0000000041780000,0x0000000041880000)]
  0x000000002238d800 JavaThread "Thread-282" daemon [_thread_blocked, id=3416, stack(0x0000000041680000,0x0000000041780000)]
  0x0000000022393000 JavaThread "Thread-281" daemon [_thread_blocked, id=15504, stack(0x0000000041580000,0x0000000041680000)]
  0x000000002238b800 JavaThread "URL-Loader-36" daemon [_thread_blocked, id=13940, stack(0x0000000038180000,0x0000000038280000)]
  0x0000000022392000 JavaThread "URL-Loader-35" daemon [_thread_blocked, id=15956, stack(0x0000000037f80000,0x0000000038080000)]
  0x0000000022391800 JavaThread "URL-Loader-34" daemon [_thread_blocked, id=13188, stack(0x0000000037e80000,0x0000000037f80000)]
  0x0000000022390800 JavaThread "URL-Loader-33" daemon [_thread_blocked, id=11816, stack(0x0000000037d80000,0x0000000037e80000)]
  0x000000002238a800 JavaThread "URL-Loader-32" daemon [_thread_blocked, id=11652, stack(0x0000000037c80000,0x0000000037d80000)]
  0x0000000022389000 JavaThread "URL-Loader-31" daemon [_thread_blocked, id=4876, stack(0x0000000037b80000,0x0000000037c80000)]
  0x0000000022390000 JavaThread "URL-Loader-30" daemon [_thread_blocked, id=16852, stack(0x0000000037a80000,0x0000000037b80000)]
  0x000000002238f000 JavaThread "URL-Loader-29" daemon [_thread_blocked, id=17216, stack(0x0000000037980000,0x0000000037a80000)]
  0x000000002238d000 JavaThread "URL-Loader-28" daemon [_thread_blocked, id=15144, stack(0x0000000037880000,0x0000000037980000)]
  0x0000000022388800 JavaThread "URL-Loader-27" daemon [_thread_blocked, id=1672, stack(0x0000000037780000,0x0000000037880000)]
  0x0000000018dbd000 JavaThread "Thread-54" daemon [_thread_in_native, id=15416, stack(0x0000000028f80000,0x0000000029080000)]
  0x0000000018e87800 JavaThread "URL-Loader-26" daemon [_thread_blocked, id=17188, stack(0x0000000028380000,0x0000000028480000)]
  0x0000000018e89000 JavaThread "URL-Loader-25" daemon [_thread_blocked, id=16416, stack(0x0000000028280000,0x0000000028380000)]
  0x0000000018e88000 JavaThread "URL-Loader-24" daemon [_thread_blocked, id=13072, stack(0x0000000028180000,0x0000000028280000)]
  0x0000000018e84800 JavaThread "URL-Loader-21" daemon [_thread_blocked, id=13064, stack(0x0000000027e80000,0x0000000027f80000)]
  0x0000000018e86800 JavaThread "URL-Loader-20" daemon [_thread_blocked, id=4812, stack(0x0000000020c00000,0x0000000020d00000)]
  0x0000000018e7d000 JavaThread "URL-Loader-18" daemon [_thread_blocked, id=10384, stack(0x0000000020a00000,0x0000000020b00000)]
  0x0000000018e83800 JavaThread "URL-Loader-17" daemon [_thread_blocked, id=15820, stack(0x0000000020900000,0x0000000020a00000)]
  0x0000000018e7c000 JavaThread "URL-Loader-11" daemon [_thread_blocked, id=11304, stack(0x0000000020300000,0x0000000020400000)]
  0x0000000018e80800 JavaThread "URL-Loader-9" daemon [_thread_in_native, id=15196, stack(0x0000000020100000,0x0000000020200000)]
  0x0000000018db6800 JavaThread "URL-Loader-5" daemon [_thread_blocked, id=4048, stack(0x000000001f4a0000,0x000000001f5a0000)]
  0x0000000018d9a000 JavaThread "Watchdog-Timer-1" daemon [_thread_blocked, id=15484, stack(0x000000001e580000,0x000000001e680000)]
  0x0000000018d9d800 JavaThread "Keep-Alive-Timer" daemon [_thread_blocked, id=2984, stack(0x000000001ce60000,0x000000001cf60000)]
  0x0000000018b10000 JavaThread "Prism Font Disposer" daemon [_thread_blocked, id=11388, stack(0x000000001c560000,0x000000001c660000)]
  0x0000000018973800 JavaThread "Disposer" daemon [_thread_blocked, id=3700, stack(0x0000000019e40000,0x0000000019f40000)]
  0x0000000018942000 JavaThread "JavaFX-Launcher" [_thread_blocked, id=10292, stack(0x00000000191c0000,0x00000000192c0000)]
  0x00000000166c6000 JavaThread "Thread-2" daemon [_thread_in_native, id=16080, stack(0x00000000190c0000,0x00000000191c0000)]
=>0x00000000166b1800 JavaThread "JavaFX Application Thread" [_thread_in_native, id=5556, stack(0x0000000016a20000,0x0000000016b20000)]
  0x00000000166b9800 JavaThread "Thread-1" daemon [_thread_blocked, id=12476, stack(0x00000000168e0000,0x00000000169e0000)]
  0x000000001666f800 JavaThread "QuantumRenderer-0" daemon [_thread_blocked, id=15128, stack(0x0000000016720000,0x0000000016820000)]
  0x0000000014f5a000 JavaThread "Service Thread" daemon [_thread_blocked, id=7516, stack(0x0000000016120000,0x0000000016220000)]
  0x0000000014f53800 JavaThread "C1 CompilerThread1" daemon [_thread_blocked, id=11476, stack(0x0000000016020000,0x0000000016120000)]
  0x0000000014ef9000 JavaThread "C2 CompilerThread0" daemon [_thread_blocked, id=14880, stack(0x0000000015f20000,0x0000000016020000)]
  0x0000000014ef7800 JavaThread "Attach Listener" daemon [_thread_blocked, id=11268, stack(0x0000000015e20000,0x0000000015f20000)]
  0x0000000014ef4000 JavaThread "Signal Dispatcher" daemon [_thread_blocked, id=13132, stack(0x0000000015d20000,0x0000000015e20000)]
  0x0000000002ab5800 JavaThread "Finalizer" daemon [_thread_blocked, id=12636, stack(0x0000000015b30000,0x0000000015c30000)]
  0x0000000002aab800 JavaThread "Reference Handler" daemon [_thread_blocked, id=15036, stack(0x0000000015a30000,0x0000000015b30000)]
  0x00000000029c0800 JavaThread "main" [_thread_blocked, id=4672, stack(0x0000000002880000,0x0000000002980000)]

Other Threads:
  0x0000000014ec6000 VMThread [stack: 0x0000000015930000,0x0000000015a30000] [id=15120]
  0x0000000014f5e800 WatcherThread [stack: 0x0000000016220000,0x0000000016320000] [id=6672]

VM state:not at safepoint (normal execution)

VM Mutex/Monitor currently owned by a thread: None

Heap:
 PSYoungGen      total 210432K, used 195263K [0x00000000ead80000, 0x00000000fee00000, 0x0000000100000000)
  eden space 195584K, 99% used [0x00000000ead80000,0x00000000f6c2fd88,0x00000000f6c80000)
  from space 14848K, 0% used [0x00000000f6c80000,0x00000000f6c80000,0x00000000f7b00000)
  to   space 23552K, 0% used [0x00000000fd700000,0x00000000fd700000,0x00000000fee00000)
 ParOldGen       total 76288K, used 39645K [0x00000000c0800000, 0x00000000c5280000, 0x00000000ead80000)
  object space 76288K, 51% used [0x00000000c0800000,0x00000000c2eb7528,0x00000000c5280000)
 Metaspace       used 25090K, capacity 26158K, committed 26544K, reserved 1073152K
  class space    used 3171K, capacity 3408K, committed 3504K, reserved 1048576K

Card table byte_map: [0x0000000011e80000,0x0000000012080000] byte_map_base: 0x000000001187c000

Marking Bits: (ParMarkBitMap*) 0x0000000074ada6d0
 Begin Bits: [0x00000000123e0000, 0x00000000133c0000)
 End Bits:   [0x00000000133c0000, 0x00000000143a0000)

Polling page: 0x0000000000c00000

CodeCache: size=245760Kb used=18417Kb max_used=18428Kb free=227343Kb
 bounds [0x0000000002ac0000, 0x0000000003ce0000, 0x0000000011ac0000]
 total_blobs=6379 nmethods=5599 adapters=692
 compilation: enabled

Compilation events (10 events):
Event: 68.044 Thread 0x0000000014f53800 6356       3       sun.security.ssl.Handshaker::setVersion (22 bytes)
Event: 68.045 Thread 0x0000000014f53800 nmethod 6356 0x0000000003ccced0 code [0x0000000003ccd080, 0x0000000003ccda68]
Event: 68.045 Thread 0x0000000014f53800 6357       3       java.security.Signature$Delegate::engineUpdate (15 bytes)
Event: 68.046 Thread 0x0000000014f53800 nmethod 6357 0x000000000322fb90 code [0x000000000322fd00, 0x000000000322ff98]
Event: 68.056 Thread 0x0000000014f53800 6358       3       java.lang.ThreadLocal$ThreadLocalMap::access$100 (7 bytes)
Event: 68.056 Thread 0x0000000014ef9000 6360       4       sun.nio.cs.US_ASCII$Decoder::decode (62 bytes)
Event: 68.056 Thread 0x0000000014f53800 nmethod 6358 0x0000000003cccb10 code [0x0000000003cccc80, 0x0000000003cccde8]
Event: 68.056 Thread 0x0000000014f53800 6359       3       java.lang.ThreadLocal$ThreadLocalMap::set (136 bytes)
Event: 68.058 Thread 0x0000000014f53800 nmethod 6359 0x0000000003cd2a10 code [0x0000000003cd2c20, 0x0000000003cd36e8]
Event: 68.064 Thread 0x0000000014ef9000 nmethod 6360 0x0000000003ccc650 code [0x0000000003ccc780, 0x0000000003ccc958]

GC Heap History (10 events):
Event: 6.689 GC heap before
{Heap before GC invocations=9 (full 0):
 PSYoungGen      total 134656K, used 83816K [0x00000000ead80000, 0x00000000f3680000, 0x0000000100000000)
  eden space 130560K, 63% used [0x00000000ead80000,0x00000000efebf9d0,0x00000000f2d00000)
  from space 4096K, 15% used [0x00000000f3180000,0x00000000f321a920,0x00000000f3580000)
  to   space 4608K, 0% used [0x00000000f2d00000,0x00000000f2d00000,0x00000000f3180000)
 ParOldGen       total 44032K, used 3736K [0x00000000c0800000, 0x00000000c3300000, 0x00000000ead80000)
  object space 44032K, 8% used [0x00000000c0800000,0x00000000c0ba63c0,0x00000000c3300000)
 Metaspace       used 20366K, capacity 21214K, committed 21296K, reserved 1067008K
  class space    used 2885K, capacity 3080K, committed 3120K, reserved 1048576K
Event: 6.709 GC heap after
Heap after GC invocations=9 (full 0):
 PSYoungGen      total 135168K, used 4582K [0x00000000ead80000, 0x00000000f8980000, 0x0000000100000000)
  eden space 130560K, 0% used [0x00000000ead80000,0x00000000ead80000,0x00000000f2d00000)
  from space 4608K, 99% used [0x00000000f2d00000,0x00000000f3179800,0x00000000f3180000)
  to   space 8192K, 0% used [0x00000000f8180000,0x00000000f8180000,0x00000000f8980000)
 ParOldGen       total 44032K, used 11094K [0x00000000c0800000, 0x00000000c3300000, 0x00000000ead80000)
  object space 44032K, 25% used [0x00000000c0800000,0x00000000c12d58d8,0x00000000c3300000)
 Metaspace       used 20366K, capacity 21214K, committed 21296K, reserved 1067008K
  class space    used 2885K, capacity 3080K, committed 3120K, reserved 1048576K
}
Event: 6.709 GC heap before
{Heap before GC invocations=10 (full 1):
 PSYoungGen      total 135168K, used 4582K [0x00000000ead80000, 0x00000000f8980000, 0x0000000100000000)
  eden space 130560K, 0% used [0x00000000ead80000,0x00000000ead80000,0x00000000f2d00000)
  from space 4608K, 99% used [0x00000000f2d00000,0x00000000f3179800,0x00000000f3180000)
  to   space 8192K, 0% used [0x00000000f8180000,0x00000000f8180000,0x00000000f8980000)
 ParOldGen       total 44032K, used 11094K [0x00000000c0800000, 0x00000000c3300000, 0x00000000ead80000)
  object space 44032K, 25% used [0x00000000c0800000,0x00000000c12d58d8,0x00000000c3300000)
 Metaspace       used 20366K, capacity 21214K, committed 21296K, reserved 1067008K
  class space    used 2885K, capacity 3080K, committed 3120K, reserved 1048576K
Event: 6.818 GC heap after
Heap after GC invocations=10 (full 1):
 PSYoungGen      total 135168K, used 0K [0x00000000ead80000, 0x00000000f8980000, 0x0000000100000000)
  eden space 130560K, 0% used [0x00000000ead80000,0x00000000ead80000,0x00000000f2d00000)
  from space 4608K, 0% used [0x00000000f2d00000,0x00000000f2d00000,0x00000000f3180000)
  to   space 8192K, 0% used [0x00000000f8180000,0x00000000f8180000,0x00000000f8980000)
 ParOldGen       total 39424K, used 15279K [0x00000000c0800000, 0x00000000c2e80000, 0x00000000ead80000)
  object space 39424K, 38% used [0x00000000c0800000,0x00000000c16ebd48,0x00000000c2e80000)
 Metaspace       used 20365K, capacity 21208K, committed 21296K, reserved 1067008K
  class space    used 2884K, capacity 3079K, committed 3120K, reserved 1048576K
}
Event: 25.514 GC heap before
{Heap before GC invocations=11 (full 1):
 PSYoungGen      total 135168K, used 130560K [0x00000000ead80000, 0x00000000f8980000, 0x0000000100000000)
  eden space 130560K, 100% used [0x00000000ead80000,0x00000000f2d00000,0x00000000f2d00000)
  from space 4608K, 0% used [0x00000000f2d00000,0x00000000f2d00000,0x00000000f3180000)
  to   space 8192K, 0% used [0x00000000f8180000,0x00000000f8180000,0x00000000f8980000)
 ParOldGen       total 39424K, used 15279K [0x00000000c0800000, 0x00000000c2e80000, 0x00000000ead80000)
  object space 39424K, 38% used [0x00000000c0800000,0x00000000c16ebd48,0x00000000c2e80000)
 Metaspace       used 23047K, capacity 24116K, committed 24368K, reserved 1071104K
  class space    used 3110K, capacity 3367K, committed 3376K, reserved 1048576K
Event: 25.543 GC heap after
Heap after GC invocations=11 (full 1):
 PSYoungGen      total 201728K, used 8188K [0x00000000ead80000, 0x00000000f8980000, 0x0000000100000000)
  eden space 193536K, 0% used [0x00000000ead80000,0x00000000ead80000,0x00000000f6a80000)
  from space 8192K, 99% used [0x00000000f8180000,0x00000000f897f260,0x00000000f8980000)
  to   space 14848K, 0% used [0x00000000f6c80000,0x00000000f6c80000,0x00000000f7b00000)
 ParOldGen       total 39424K, used 29235K [0x00000000c0800000, 0x00000000c2e80000, 0x00000000ead80000)
  object space 39424K, 74% used [0x00000000c0800000,0x00000000c248ce50,0x00000000c2e80000)
 Metaspace       used 23047K, capacity 24116K, committed 24368K, reserved 1071104K
  class space    used 3110K, capacity 3367K, committed 3376K, reserved 1048576K
}
Event: 39.268 GC heap before
{Heap before GC invocations=12 (full 1):
 PSYoungGen      total 201728K, used 201341K [0x00000000ead80000, 0x00000000f8980000, 0x0000000100000000)
  eden space 193536K, 99% used [0x00000000ead80000,0x00000000f6a204b0,0x00000000f6a80000)
  from space 8192K, 99% used [0x00000000f8180000,0x00000000f897f260,0x00000000f8980000)
  to   space 14848K, 0% used [0x00000000f6c80000,0x00000000f6c80000,0x00000000f7b00000)
 ParOldGen       total 39424K, used 29235K [0x00000000c0800000, 0x00000000c2e80000, 0x00000000ead80000)
  object space 39424K, 74% used [0x00000000c0800000,0x00000000c248ce50,0x00000000c2e80000)
 Metaspace       used 24471K, capacity 25600K, committed 25776K, reserved 1071104K
  class space    used 3151K, capacity 3401K, committed 3504K, reserved 1048576K
Event: 39.330 GC heap after
Heap after GC invocations=12 (full 1):
 PSYoungGen      total 210432K, used 14843K [0x00000000ead80000, 0x00000000fee00000, 0x0000000100000000)
  eden space 195584K, 0% used [0x00000000ead80000,0x00000000ead80000,0x00000000f6c80000)
  from space 14848K, 99% used [0x00000000f6c80000,0x00000000f7afec30,0x00000000f7b00000)
  to   space 23552K, 0% used [0x00000000fd700000,0x00000000fd700000,0x00000000fee00000)
 ParOldGen       total 46592K, used 46091K [0x00000000c0800000, 0x00000000c3580000, 0x00000000ead80000)
  object space 46592K, 98% used [0x00000000c0800000,0x00000000c3502e68,0x00000000c3580000)
 Metaspace       used 24471K, capacity 25600K, committed 25776K, reserved 1071104K
  class space    used 3151K, capacity 3401K, committed 3504K, reserved 1048576K
}
Event: 39.330 GC heap before
{Heap before GC invocations=13 (full 2):
 PSYoungGen      total 210432K, used 14843K [0x00000000ead80000, 0x00000000fee00000, 0x0000000100000000)
  eden space 195584K, 0% used [0x00000000ead80000,0x00000000ead80000,0x00000000f6c80000)
  from space 14848K, 99% used [0x00000000f6c80000,0x00000000f7afec30,0x00000000f7b00000)
  to   space 23552K, 0% used [0x00000000fd700000,0x00000000fd700000,0x00000000fee00000)
 ParOldGen       total 46592K, used 46091K [0x00000000c0800000, 0x00000000c3580000, 0x00000000ead80000)
  object space 46592K, 98% used [0x00000000c0800000,0x00000000c3502e68,0x00000000c3580000)
 Metaspace       used 24471K, capacity 25600K, committed 25776K, reserved 1071104K
  class space    used 3151K, capacity 3401K, committed 3504K, reserved 1048576K
Event: 39.509 GC heap after
Heap after GC invocations=13 (full 2):
 PSYoungGen      total 210432K, used 0K [0x00000000ead80000, 0x00000000fee00000, 0x0000000100000000)
  eden space 195584K, 0% used [0x00000000ead80000,0x00000000ead80000,0x00000000f6c80000)
  from space 14848K, 0% used [0x00000000f6c80000,0x00000000f6c80000,0x00000000f7b00000)
  to   space 23552K, 0% used [0x00000000fd700000,0x00000000fd700000,0x00000000fee00000)
 ParOldGen       total 76288K, used 39645K [0x00000000c0800000, 0x00000000c5280000, 0x00000000ead80000)
  object space 76288K, 51% used [0x00000000c0800000,0x00000000c2eb7528,0x00000000c5280000)
 Metaspace       used 24471K, capacity 25600K, committed 25776K, reserved 1071104K
  class space    used 3151K, capacity 3401K, committed 3504K, reserved 1048576K
}

Deoptimization events (10 events):
Event: 50.375 Thread 0x0000000018e83800 Uncommon trap: reason=class_check action=maybe_recompile pc=0x0000000002e61fb0 method=java.io.FilterInputStream.read()I @ 4
Event: 50.376 Thread 0x0000000018e83800 Uncommon trap: reason=class_check action=maybe_recompile pc=0x0000000002e61fb0 method=java.io.FilterInputStream.read()I @ 4
Event: 50.376 Thread 0x0000000018e83800 Uncommon trap: reason=class_check action=maybe_recompile pc=0x0000000002e61fb0 method=java.io.FilterInputStream.read()I @ 4
Event: 50.376 Thread 0x0000000018e83800 Uncommon trap: reason=class_check action=maybe_recompile pc=0x0000000002e61fb0 method=java.io.FilterInputStream.read()I @ 4
Event: 51.560 Thread 0x000000001666f800 Uncommon trap: reason=class_check action=maybe_recompile pc=0x0000000003a587d8 method=com.sun.javafx.font.CompositeStrike.getStrikeSlot(I)Lcom/sun/javafx/font/FontStrike; @ 16
Event: 57.846 Thread 0x00000000166b1800 Uncommon trap: reason=array_check action=maybe_recompile pc=0x0000000003b8d35c method=com.sun.javafx.css.SimpleSelector.applies(Ljavafx/css/Styleable;[Ljava/util/Set;I)Z @ 37
Event: 57.846 Thread 0x00000000166b1800 Uncommon trap: reason=array_check action=maybe_recompile pc=0x0000000003b8d35c method=com.sun.javafx.css.SimpleSelector.applies(Ljavafx/css/Styleable;[Ljava/util/Set;I)Z @ 37
Event: 57.846 Thread 0x00000000166b1800 Uncommon trap: reason=array_check action=maybe_recompile pc=0x0000000003b8d35c method=com.sun.javafx.css.SimpleSelector.applies(Ljavafx/css/Styleable;[Ljava/util/Set;I)Z @ 37
Event: 57.846 Thread 0x00000000166b1800 Uncommon trap: reason=array_check action=maybe_recompile pc=0x0000000003b8d35c method=com.sun.javafx.css.SimpleSelector.applies(Ljavafx/css/Styleable;[Ljava/util/Set;I)Z @ 37
Event: 64.888 Thread 0x0000000018e84800 Uncommon trap: reason=unstable_if action=reinterpret pc=0x0000000003c04d1c method=sun.net.www.protocol.http.HttpURLConnection.getInputStream0()Ljava/io/InputStream; @ 1476

Internal exceptions (10 events):
Event: 34.690 Thread 0x00000000166b1800 Exception <a 'java/io/FileNotFoundException'> (0x00000000f2162c10) thrown at [C:\re\workspace\8-2-build-windows-amd64-cygwin\jdk8u101\7261\hotspot\src\share\vm\prims\jni.cpp, line 709]
Event: 34.691 Thread 0x00000000166b1800 Exception <a 'java/io/FileNotFoundException'> (0x00000000f2163ca0) thrown at [C:\re\workspace\8-2-build-windows-amd64-cygwin\jdk8u101\7261\hotspot\src\share\vm\prims\jni.cpp, line 709]
Event: 34.715 Thread 0x00000000166b1800 Exception <a 'java/io/FileNotFoundException'> (0x00000000f218dd00) thrown at [C:\re\workspace\8-2-build-windows-amd64-cygwin\jdk8u101\7261\hotspot\src\share\vm\prims\jni.cpp, line 709]
Event: 34.715 Thread 0x00000000166b1800 Exception <a 'java/io/FileNotFoundException'> (0x00000000f218eda8) thrown at [C:\re\workspace\8-2-build-windows-amd64-cygwin\jdk8u101\7261\hotspot\src\share\vm\prims\jni.cpp, line 709]
Event: 34.716 Thread 0x00000000166b1800 Exception <a 'java/io/FileNotFoundException'> (0x00000000f218fee8) thrown at [C:\re\workspace\8-2-build-windows-amd64-cygwin\jdk8u101\7261\hotspot\src\share\vm\prims\jni.cpp, line 709]
Event: 34.716 Thread 0x00000000166b1800 Exception <a 'java/io/FileNotFoundException'> (0x00000000f2190f78) thrown at [C:\re\workspace\8-2-build-windows-amd64-cygwin\jdk8u101\7261\hotspot\src\share\vm\prims\jni.cpp, line 709]
Event: 34.976 Thread 0x00000000166b1800 Exception <a 'java/io/FileNotFoundException'> (0x00000000f21f4928) thrown at [C:\re\workspace\8-2-build-windows-amd64-cygwin\jdk8u101\7261\hotspot\src\share\vm\prims\jni.cpp, line 709]
Event: 34.976 Thread 0x00000000166b1800 Exception <a 'java/io/FileNotFoundException'> (0x00000000f21f57e8) thrown at [C:\re\workspace\8-2-build-windows-amd64-cygwin\jdk8u101\7261\hotspot\src\share\vm\prims\jni.cpp, line 709]
Event: 34.976 Thread 0x00000000166b1800 Exception <a 'java/io/FileNotFoundException'> (0x00000000f21f6740) thrown at [C:\re\workspace\8-2-build-windows-amd64-cygwin\jdk8u101\7261\hotspot\src\share\vm\prims\jni.cpp, line 709]
Event: 34.977 Thread 0x00000000166b1800 Exception <a 'java/io/FileNotFoundException'> (0x00000000f21f75e8) thrown at [C:\re\workspace\8-2-build-windows-amd64-cygwin\jdk8u101\7261\hotspot\src\share\vm\prims\jni.cpp, line 709]

Events (10 events):
Event: 67.412 Thread 0x0000000014f53800 flushing nmethod 0x00000000036b39d0
Event: 67.438 Thread 0x0000000022393800 Thread exited: 0x0000000022393800
Event: 67.723 Thread 0x0000000022393000 Thread added: 0x0000000022393000
Event: 67.815 Thread 0x000000002238d800 Thread added: 0x000000002238d800
Event: 67.817 Thread 0x000000002238e800 Thread added: 0x000000002238e800
Event: 67.857 Thread 0x000000002238c000 Thread added: 0x000000002238c000
Event: 67.902 Thread 0x0000000022396800 Thread added: 0x0000000022396800
Event: 67.903 Thread 0x0000000022397800 Thread added: 0x0000000022397800
Event: 67.906 Thread 0x0000000022396800 Thread exited: 0x0000000022396800
Event: 67.907 Thread 0x0000000022397800 Thread exited: 0x0000000022397800


Dynamic libraries:
0x00007ff733440000 - 0x00007ff733477000 	C:\Program Files\Java\jdk1.8.0_101\bin\java.exe
0x00007ffaee5f0000 - 0x00007ffaee7cb000 	C:\WINDOWS\SYSTEM32\ntdll.dll
0x00007ffaee540000 - 0x00007ffaee5ee000 	C:\WINDOWS\System32\KERNEL32.DLL
0x00007ffaead80000 - 0x00007ffaeafc9000 	C:\WINDOWS\System32\KERNELBASE.dll
0x00007ffaede80000 - 0x00007ffaedf21000 	C:\WINDOWS\System32\ADVAPI32.dll
0x00007ffaedde0000 - 0x00007ffaede7d000 	C:\WINDOWS\System32\msvcrt.dll
0x00007ffaebc70000 - 0x00007ffaebcc9000 	C:\WINDOWS\System32\sechost.dll
0x00007ffaedb10000 - 0x00007ffaedc35000 	C:\WINDOWS\System32\RPCRT4.dll
0x00007ffaebd80000 - 0x00007ffaebeca000 	C:\WINDOWS\System32\USER32.dll
0x00007ffaeacf0000 - 0x00007ffaead0e000 	C:\WINDOWS\System32\win32u.dll
0x00007ffaec0d0000 - 0x00007ffaec0f7000 	C:\WINDOWS\System32\GDI32.dll
0x00007ffaeb0d0000 - 0x00007ffaeb259000 	C:\WINDOWS\System32\gdi32full.dll
0x00007ffaeab50000 - 0x00007ffaeabea000 	C:\WINDOWS\System32\msvcp_win.dll
0x00007ffaeafd0000 - 0x00007ffaeb0c6000 	C:\WINDOWS\System32\ucrtbase.dll
0x00007ffadc720000 - 0x00007ffadc987000 	C:\WINDOWS\WinSxS\amd64_microsoft.windows.common-controls_6595b64144ccf1df_6.0.15063.0_none_108e4f62dfe5d999\COMCTL32.dll
0x00007ffaed750000 - 0x00007ffaeda49000 	C:\WINDOWS\System32\combase.dll
0x00007ffaead10000 - 0x00007ffaead7a000 	C:\WINDOWS\System32\bcryptPrimitives.dll
0x00007ffaebc40000 - 0x00007ffaebc6d000 	C:\WINDOWS\System32\IMM32.DLL
0x00000000741e0000 - 0x00000000742b2000 	C:\Program Files\Java\jdk1.8.0_101\jre\bin\msvcr100.dll
0x00000000742c0000 - 0x0000000074b5a000 	C:\Program Files\Java\jdk1.8.0_101\jre\bin\server\jvm.dll
0x00007ffaec110000 - 0x00007ffaec118000 	C:\WINDOWS\System32\PSAPI.DLL
0x00007ffadded0000 - 0x00007ffadded9000 	C:\WINDOWS\SYSTEM32\WSOCK32.dll
0x00007ffae9000000 - 0x00007ffae9023000 	C:\WINDOWS\SYSTEM32\WINMM.dll
0x00007ffaedc40000 - 0x00007ffaedcac000 	C:\WINDOWS\System32\WS2_32.dll
0x00007ffadf400000 - 0x00007ffadf40a000 	C:\WINDOWS\SYSTEM32\VERSION.dll
0x00007ffae8fa0000 - 0x00007ffae8fcb000 	C:\WINDOWS\SYSTEM32\WINMMBASE.dll
0x00007ffaeabf0000 - 0x00007ffaeac39000 	C:\WINDOWS\System32\cfgmgr32.dll
0x00000000753d0000 - 0x00000000753df000 	C:\Program Files\Java\jdk1.8.0_101\jre\bin\verify.dll
0x00000000741b0000 - 0x00000000741d9000 	C:\Program Files\Java\jdk1.8.0_101\jre\bin\java.dll
0x00000000753b0000 - 0x00000000753c6000 	C:\Program Files\Java\jdk1.8.0_101\jre\bin\zip.dll
0x00007ffaec2b0000 - 0x00007ffaed6e7000 	C:\WINDOWS\System32\SHELL32.dll
0x00007ffaebcd0000 - 0x00007ffaebd7a000 	C:\WINDOWS\System32\shcore.dll
0x00007ffaeb260000 - 0x00007ffaeb952000 	C:\WINDOWS\System32\windows.storage.dll
0x00007ffaed6f0000 - 0x00007ffaed741000 	C:\WINDOWS\System32\shlwapi.dll
0x00007ffaeaa90000 - 0x00007ffaeaaa1000 	C:\WINDOWS\System32\kernel.appcore.dll
0x00007ffaeaa40000 - 0x00007ffaeaa8c000 	C:\WINDOWS\System32\powrprof.dll
0x00007ffaeaab0000 - 0x00007ffaeaac5000 	C:\WINDOWS\System32\profapi.dll
0x00007ffae5740000 - 0x00007ffae582f000 	C:\Program Files\Java\jdk1.8.0_101\jre\bin\msvcr120.dll
0x00007ffad2f70000 - 0x00007ffad3016000 	C:\Program Files\Java\jdk1.8.0_101\jre\bin\msvcp120.dll
0x0000000073ea0000 - 0x0000000073ec2000 	C:\Program Files\Java\jdk1.8.0_101\jre\bin\prism_d3d.dll
0x00007ffac9c20000 - 0x00007ffac9da9000 	C:\WINDOWS\system32\d3d9.dll
0x00007ffae8c70000 - 0x00007ffae8c9a000 	C:\WINDOWS\SYSTEM32\dwmapi.dll
0x00007ffae91a0000 - 0x00007ffae9235000 	C:\WINDOWS\system32\uxtheme.dll
0x00007ffac6aa0000 - 0x00007ffac70f6000 	C:\WINDOWS\SYSTEM32\igdumd64.dll
0x0000000073e50000 - 0x0000000073e93000 	C:\Program Files\Java\jdk1.8.0_101\jre\bin\glass.dll
0x00007ffaebb30000 - 0x00007ffaebc38000 	C:\WINDOWS\System32\COMDLG32.dll
0x00007ffaee370000 - 0x00007ffaee4b5000 	C:\WINDOWS\System32\ole32.dll
0x00007ffaeda50000 - 0x00007ffaedb0f000 	C:\WINDOWS\System32\OLEAUT32.dll
0x00007ffaec120000 - 0x00007ffaec286000 	C:\WINDOWS\System32\MSCTF.dll
0x00000000718c0000 - 0x0000000073e50000 	C:\Program Files\Java\jdk1.8.0_101\jre\bin\jfxwebkit.dll
0x00007ffaea4a0000 - 0x00007ffaea4b7000 	C:\WINDOWS\SYSTEM32\CRYPTSP.dll
0x00007ffae9f10000 - 0x00007ffae9f44000 	C:\WINDOWS\system32\rsaenh.dll
0x00007ffaea910000 - 0x00007ffaea935000 	C:\WINDOWS\SYSTEM32\bcrypt.dll
0x00007ffaea490000 - 0x00007ffaea49b000 	C:\WINDOWS\SYSTEM32\CRYPTBASE.dll
0x0000000075310000 - 0x000000007532a000 	C:\Program Files\Java\jdk1.8.0_101\jre\bin\net.dll
0x00007ffaea2f0000 - 0x00007ffaea34c000 	C:\WINDOWS\system32\mswsock.dll
0x0000000074190000 - 0x00000000741a1000 	C:\Program Files\Java\jdk1.8.0_101\jre\bin\nio.dll
0x00007ffaea0d0000 - 0x00007ffaea174000 	C:\WINDOWS\SYSTEM32\DNSAPI.dll
0x00007ffaec100000 - 0x00007ffaec108000 	C:\WINDOWS\System32\NSI.dll
0x00007ffaea090000 - 0x00007ffaea0c7000 	C:\WINDOWS\SYSTEM32\IPHLPAPI.DLL
0x00007ffae1b10000 - 0x00007ffae1b1a000 	C:\Windows\System32\rasadhlp.dll
0x00000000718a0000 - 0x00000000718b4000 	C:\Program Files\Java\jdk1.8.0_101\jre\bin\javafx_font.dll
0x00007ffad7b70000 - 0x00007ffad7e30000 	C:\WINDOWS\SYSTEM32\dwrite.dll
0x00007ffae1e30000 - 0x00007ffae1e9b000 	C:\WINDOWS\System32\fwpuclnt.dll
0x00007ffaedd30000 - 0x00007ffaeddce000 	C:\WINDOWS\System32\clbcatq.dll
0x00007ffae5d10000 - 0x00007ffae5ebc000 	C:\WINDOWS\SYSTEM32\WindowsCodecs.dll
0x00007ffae0fc0000 - 0x00007ffae1007000 	C:\WINDOWS\system32\dataexchange.dll
0x00007ffae8680000 - 0x00007ffae87a2000 	C:\WINDOWS\system32\dcomp.dll
0x00007ffae7d00000 - 0x00007ffae7fdf000 	C:\WINDOWS\system32\d3d11.dll
0x00007ffae98b0000 - 0x00007ffae9954000 	C:\WINDOWS\system32\dxgi.dll
0x00007ffae9480000 - 0x00007ffae95f0000 	C:\WINDOWS\system32\twinapi.appcore.dll
0x00007ffae5880000 - 0x00007ffae58b1000 	C:\Program Files\Common Files\Microsoft Shared\Ink\rtscom.dll
0x00007ffae54a0000 - 0x00007ffae5522000 	C:\WINDOWS\System32\TextInputFramework.dll
0x00007ffae5940000 - 0x00007ffae5c12000 	C:\WINDOWS\System32\CoreUIComponents.dll
0x00007ffae8590000 - 0x00007ffae8673000 	C:\WINDOWS\System32\CoreMessaging.dll
0x00007ffae9d40000 - 0x00007ffae9d71000 	C:\WINDOWS\SYSTEM32\ntmarta.dll
0x00007ffae7a80000 - 0x00007ffae7bb9000 	C:\WINDOWS\SYSTEM32\wintypes.dll
0x00007ffae5920000 - 0x00007ffae5935000 	C:\WINDOWS\SYSTEM32\usermgrcli.dll
0x0000000073ee0000 - 0x0000000073f04000 	C:\Program Files\Java\jdk1.8.0_101\jre\bin\sunec.dll
0x00007ffaea940000 - 0x00007ffaea969000 	C:\WINDOWS\SYSTEM32\USERENV.dll
0x00007ffae6190000 - 0x00007ffae61a6000 	C:\WINDOWS\SYSTEM32\dhcpcsvc6.DLL
0x00007ffae6170000 - 0x00007ffae618a000 	C:\WINDOWS\SYSTEM32\dhcpcsvc.DLL
0x0000000071870000 - 0x0000000071893000 	C:\Program Files\Java\jdk1.8.0_101\jre\bin\javafx_iio.dll
0x0000000071850000 - 0x0000000071861000 	C:\Program Files\Java\jdk1.8.0_101\jre\bin\prism_common.dll
0x0000000073ed0000 - 0x0000000073edb000 	C:\Program Files\Java\jdk1.8.0_101\jre\bin\sunmscapi.dll
0x00007ffaeb960000 - 0x00007ffaebb29000 	C:\WINDOWS\System32\CRYPT32.dll
0x00007ffaeaad0000 - 0x00007ffaeaae1000 	C:\WINDOWS\System32\MSASN1.dll
0x00007ffadaa60000 - 0x00007ffadaa76000 	C:\WINDOWS\system32\napinsp.dll
0x00007ffadaa40000 - 0x00007ffadaa5a000 	C:\WINDOWS\system32\pnrpnsp.dll
0x00007ffae5ef0000 - 0x00007ffae5f08000 	C:\WINDOWS\system32\NLAapi.dll
0x00007ffadaa30000 - 0x00007ffadaa3e000 	C:\WINDOWS\System32\winrnr.dll
0x0000000180000000 - 0x000000018001c000 	C:\Program Files\Dell\QuickSet\dadkeyb.dll
0x00000000717d0000 - 0x0000000071843000 	C:\Program Files\Java\jdk1.8.0_101\jre\bin\glib-lite.dll
0x0000000071730000 - 0x00000000717cc000 	C:\Program Files\Java\jdk1.8.0_101\jre\bin\gstreamer-lite.dll
0x00007ffac9b90000 - 0x00007ffac9c1c000 	C:\WINDOWS\SYSTEM32\DSOUND.dll
0x0000000071700000 - 0x0000000071725000 	C:\Program Files\Java\jdk1.8.0_101\jre\bin\jfxmedia.dll
0x00007ffae1810000 - 0x00007ffae19b9000 	C:\WINDOWS\SYSTEM32\dbghelp.dll

VM Arguments:
jvm_args: -Dfile.encoding=UTF-8 
java_command: javaweb.JavaWeb
java_class_path (initial): C:\Users\Adam\Documents\NetBeansProjects\JavaWeb\build\classes
Launcher Type: SUN_STANDARD

Environment Variables:
PATH=C:\ProgramData\Oracle\Java\javapath;C:\Program Files\Common Files\Microsoft Shared\Windows Live;C:\Program Files (x86)\Common Files\Microsoft Shared\Windows Live;C:\WINDOWS\system32;C:\WINDOWS;C:\WINDOWS\System32\Wbem;C:\WINDOWS\System32\WindowsPowerShell\v1.0\;C:\Program Files\Dell\Dell Wireless WLAN Card;C:\Program Files (x86)\Common Files\Roxio Shared\DLLShared\;C:\VXIPNP\WinNT\Bin;C:\Program Files (x86)\Windows Live\Shared;C:\Program Files\Java\jdk1.7.0_03\bin;C:\Users\Adam\AppData\Local\Microsoft\WindowsApps;
USERNAME=Adam
OS=Windows_NT
PROCESSOR_IDENTIFIER=Intel64 Family 6 Model 23 Stepping 10, GenuineIntel



---------------  S Y S T E M  ---------------

OS: Windows 10.0 , 64 bit Build 15063 (10.0.15063.296)

CPU:total 2 (2 cores per cpu, 1 threads per core) family 6 model 23 stepping 10, cmov, cx8, fxsr, mmx, sse, sse2, sse3, ssse3, tsc

Memory: 4k page, physical 4153712k(749156k free), swap 8348016k(3988576k free)

vm_info: Java HotSpot(TM) 64-Bit Server VM (25.101-b13) for windows-amd64 JRE (1.8.0_101-b13), built on Jun 22 2016 01:21:29 by "java_re" with MS VC++ 10.0 (VS2010)

time: Fri May 19 15:00:50 2017
elapsed time: 68 seconds (0d 0h 1m 8s)

